2017-02-28 05:52:02 一旦萨德入韩，中国不排除与韩国“准断交” http://www.toutiao.com/a6391797207540678913
2017-02-28 05:52:04 三任总书记28年“接力”完成这件事 http://www.toutiao.com/a6391723960987288066
2017-02-28 05:52:06 中央110天前定盘，山西6位副厅火速上岗 http://www.toutiao.com/a6391783220345733378
2017-02-28 05:52:08 天津南开大悦城2名儿童坠楼身亡 现场已警戒 http://www.toutiao.com/a6391796052919894273
2017-02-28 05:52:10 韩称朝安全保卫省策划暗杀金正男 朝保卫相金元弘被软禁 http://www.toutiao.com/a6391689210545307905
2017-02-28 05:52:13 现场！“台独”社团强拆蒋介石像 殴打警察却喊“警察打人” http://www.toutiao.com/a6391699938875425025
2017-02-28 05:52:15 湖南岳阳县民政局1正6副7局长被“一锅端” http://www.toutiao.com/a6391663109202788865
2017-02-28 05:52:17 空军发布：空政原一级演员洪剑涛已于2013年转业地方 http://www.toutiao.com/a6391778631794147585
2017-02-28 05:52:19 中国北方13个城市将出现空气重度污染 http://www.toutiao.com/a6391682699971592449
2017-02-28 05:52:21 杨洁篪赴美将谈习近平与特朗普会谈事宜？中方回应 http://www.toutiao.com/a6391710209282507009
2017-02-28 05:52:23 95岁功勋中将今再亮相，曾二度进藏稳定局势 http://www.toutiao.com/a6391720948773863681
2017-02-28 05:52:25 湖南冷水江20多名官员长期在茶楼聚赌，市委原书记被问责 http://www.toutiao.com/a6391723645273915649
2017-02-28 05:52:28 “台独”图谋“228”当天捣毁中正纪念堂 郝龙斌报警 http://www.toutiao.com/a6391590409084551425
2017-02-28 05:52:30 神了，川普大嘴预测瑞典骚乱！ http://www.toutiao.com/a6391742629444714753
2017-02-28 05:52:32 丽江古城管理所被指在市民家门口偷狗索要罚款，官方介入调查 http://www.toutiao.com/a6391709536902988033
2017-02-28 05:52:34 收购金丝楠木建的祖屋估价8亿？景区：非官方消息，有夸大成份 http://www.toutiao.com/a6391701489250205954
2017-02-28 05:52:37 江苏10岁失踪男童尸体被发现藏于自家床底下，警方介入调查 http://www.toutiao.com/a6391725843919831297
2017-02-28 05:52:39 英达出事非偶然，你不知道美国税法有多严苛 http://www.toutiao.com/a6391473777952211202
2017-02-28 05:52:41 顺丰上市了，华为还有多远？ http://www.toutiao.com/a6391333095501316354
2017-02-28 05:52:43 新京报记者采访来广营火灾被6男子放倒在地抢走手机 http://www.toutiao.com/a6391647780813193473
2017-02-28 05:52:45 罗振宇谈与papi酱分手：名声不重要 重要的是生死 http://www.toutiao.com/a6391424466140758273
2017-02-28 05:52:48 顶尖科学家，各国给什么待遇 http://www.toutiao.com/a6391549420051104001
2017-02-28 05:52:50 形象危机不是丽江景区的真危机 http://www.toutiao.com/a6391534579346653441
2017-02-28 05:52:53 2月27日早报｜丽江一法官称交警雪中执勤“作秀” 被停职 http://www.toutiao.com/a6391532160289931522
2017-02-28 05:52:55 人民日报：房价降了，政府就得出手“救市”？ http://www.toutiao.com/a6391493299530531074
2017-02-28 05:52:57 中国版逆城市化？三线城市或迎来趋势性大周期 http://www.toutiao.com/a6391635223004791042
2017-02-28 05:53:00 奥斯卡奖最佳影片奖竟然颁错了！ http://www.toutiao.com/a6391652545631224066
2017-02-28 05:53:02 顺丰市值超越万科 王卫问鼎首富后快递业高纬度洗牌 http://www.toutiao.com/a6391413005627998466
2017-02-28 05:53:04 疯狂！英女子受情伤割掉纹身自断手指称“我愿意” http://www.toutiao.com/a6391565296935928066
2017-02-28 05:53:06 滴滴上线全新“优享”业务：车好价格还便宜 http://www.toutiao.com/a6391654542118928641
2017-02-28 05:53:08 抹黑英雄者遭网友驳斥 http://www.toutiao.com/a6391524447198888194
2017-02-28 05:53:11 美国加州伯耶萨湖现“黑洞” 宛如巨型漏斗(图) http://www.toutiao.com/a6391599471474458881
2017-02-28 05:53:13 全球唯一华人超过千万国家，华人富可敌国，也曾被称支那 http://www.toutiao.com/a6391423572782350850
2017-02-28 05:53:15 韩国举行总统弹劾案最终庭审(高清组图) http://www.toutiao.com/a6391666544904110337
2017-02-28 05:53:17 16WiFi从多个城市退场引发迷思 地铁WiFi也被看衰 http://www.toutiao.com/a6391461862966198529
2017-02-28 05:53:19 赵又廷开直播1秒切换“双眼皮” 萌问：圆圆呢？ http://www.toutiao.com/a6391436230761070850
2017-02-28 05:53:22 台作家：蔡当局不顾民意“去中”“去蒋”后果严重 http://www.toutiao.com/a6391564907683397890
2017-02-28 05:53:24 国内种植结构调整 “粮改饲”有望为农民增收超20亿 http://www.toutiao.com/a6391657313799405825
2017-02-28 05:53:26 刚刚，证监会手拿尚方宝剑，使出三大绝招！ http://www.toutiao.com/a6391429380333109761
2017-02-28 05:53:29 满屋名牌惊呆网友 欠钱3万就不还 http://www.toutiao.com/a6391280139825381633
2017-02-28 05:53:31 美军真以为航母可以在中国海域来去无踪吗？三颗卫星将其精准锁定 http://www.toutiao.com/a6391408315016954113
2017-02-28 05:53:33 什么都可谈，为何不谈“九二共识”？ http://www.toutiao.com/a6391655932539355393
2017-02-28 05:53:35 人民日报：有干部公开传播政治谣言 丑化国家形象 http://www.toutiao.com/a6391493219243557122
2017-02-28 05:53:37 吴小平：估值模型里，我把2017的股市风险，默默加了10% http://www.toutiao.com/a6391660576094814466
2017-02-28 05:53:39 美警惕在吉布提出现中国邻居：这是强权国家行为 http://www.toutiao.com/a6391549417510633730
2017-02-28 05:53:42 金融政策基因突变 影响未来十年的投资 http://www.toutiao.com/a6391453942953280002
2017-02-28 05:53:44 六个核桃（一）：濒临破产到年售百亿净利三成，如何成第一品牌？ http://www.toutiao.com/a6391423284302316033
2017-02-28 05:53:46 韩总统弹劾案朴槿惠提交最终答辩书 否认全部嫌疑 http://www.toutiao.com/a6391682784386334977
2017-02-28 05:53:48 全新SUV占多半 本周多款重磅新车抢先看 http://www.toutiao.com/a6391458072150343937
2017-02-28 05:53:51 “独派”称228拉倒蒋介石铜像 国民党吁检方依法侦办 http://www.toutiao.com/a6391630240665633025
2017-02-28 05:53:53 涉案数千亿元地下钱庄案：伪造外贸交易，骗取政府奖励数亿元 http://www.toutiao.com/a6391384172740755713
2017-02-28 05:53:55 26个涨停板？公司自己都涨懵了，打新四大变化不可不知（附10只新股） http://www.toutiao.com/a6391417230693728514
2017-02-28 05:53:57 一波女巫施法诅咒，一波法师祈祷护体，为了川普，美国爆发了一场神魔大战 http://www.toutiao.com/a6391449493972664578
2017-02-28 05:54:00 民进党做错事马英九背黑锅？罗智强怒吼：选蔡英文干嘛 http://www.toutiao.com/a6391626897541267714
2017-02-28 05:54:02 比亚迪2016年利润涨七成 年中已分红10亿元 http://www.toutiao.com/a6391646973700112641
2017-02-28 05:54:04 特朗普与美国媒体“争斗”升级 http://www.toutiao.com/a6391512187824046338
2017-02-28 05:54:06 新京报记者采访来广营旧货市场火灾被打 乡政府：曾派400名保安到现场 http://www.toutiao.com/a6391701825746649346
2017-02-28 05:54:09 姚振华应该向王卫学习什么？——中国富豪商道辨析之一 大视野 http://www.toutiao.com/a6391430998484271362
2017-02-28 05:54:11 董明珠要跻身“外卖”？听她怎么说！ http://www.toutiao.com/a6391643378099110145
2017-02-28 05:54:13 限制台军退役将领来大陆？林全的白色恐怖预言 http://www.toutiao.com/a6391600645158224130
2017-02-28 05:54:15 马英九与“二二八”家属会谈：蒋介石当然有责任 http://www.toutiao.com/a6391659041211498754
2017-02-28 05:54:18 史上最贵的一场分手 耗资600亿欧元 http://www.toutiao.com/a6391436599120396546
2017-02-28 05:54:20 乐天明日移交“萨德”用地，将“对抗中国”进行到底！ http://www.toutiao.com/a6391493138314346754
2017-02-28 05:54:22 在泰国喂鱼 后果可能很严重 或遭牢狱之灾 http://www.toutiao.com/a6391549522908512514
2017-02-28 05:54:24 乐天交出萨德用地 中方：将坚决采取必要措施 http://www.toutiao.com/a6391689844733690113
2017-02-28 05:54:26 56岁刘德军寻8年前失踪儿子 有的地方找了上百遍 http://www.toutiao.com/a6391592191126651138
2017-02-28 05:54:28 教育部发文明确：小学入学年龄截止日由各省确定 http://www.toutiao.com/a6391467773423927554
